Arguments: 
  /usr/local/Cellar/node/10.4.1/bin/node /usr/local/bin/yarn add

PATH: 
  somepath:/usr/local/bin:/usr/bin:/bin:/usr/sbin:/sbin:somepath:/Users/zhangwei/Library/Android/sdk/tools:/Users/zhangwei/Library/Android/sdk/tools/bin:/Users/zhangwei/Library/Android/sdk/platform-tools:/Users/zhangwei/Library/Android/sdk/tools:/Users/zhangwei/Library/Android/sdk/tools/bin:/Users/zhangwei/Library/Android/sdk/platform-tools

Yarn version: 
  1.5.1

Node version: 
  10.4.1

Platform: 
  darwin x64

npm manifest: 
  {
    "name": "electron-first",
    "version": "1.0.0",
    "description": "play project",
    "main": "index.js",
    "scripts": {
        "start": "electron .",
      "test": "echo \"Error: no test specified\" && exit 1"
    },
    "repository": {
      "type": "git",
      "url": "git+https://github.com/ZhangWei-UUU/Electron-First.git"
    },
    "keywords": [
      "electron",
      "react"
    ],
    "author": "Zhang Wei WS",
    "license": "ISC",
    "bugs": {
      "url": "https://github.com/ZhangWei-UUU/Electron-First/issues"
    },
    "homepage": "https://github.com/ZhangWei-UUU/Electron-First#readme"
  }

yarn manifest: 
  No manifest

Lockfile: 
  No lockfile

Trace: 
  Error: Missing list of packages to add to your project.
      at new MessageError (/usr/local/lib/node_modules/yarn/lib/cli.js:186:110)
      at Object.<anonymous> (/usr/local/lib/node_modules/yarn/lib/cli.js:40587:13)
      at Generator.next (<anonymous>)
      at step (/usr/local/lib/node_modules/yarn/lib/cli.js:98:30)
      at /usr/local/lib/node_modules/yarn/lib/cli.js:116:14
      at new Promise (<anonymous>)
      at new F (/usr/local/lib/node_modules/yarn/lib/cli.js:23451:28)
      at Object.<anonymous> (/usr/local/lib/node_modules/yarn/lib/cli.js:95:12)
      at Object.run (/usr/local/lib/node_modules/yarn/lib/cli.js:40599:19)
      at run (/usr/local/lib/node_modules/yarn/lib/cli.js:89113:20)
